{"error":{},"level":"error","message":"An error occurred","timestamp":"2023-05-07T07:48:37.570Z"}
[[31merror[39m] : undefined
[[31merror[39m] : undefined
[[31merror[39m] : [31mjwt malformed[39m
[[31merror[39m] : undefined
[[31merror[39m] : [31minvalid signature[39m
[[31merror[39m] : [31minvalid signature[39m
[[31merror[39m] : [31minvalid signature[39m
[[31merror[39m] : [31minvalid signature[39m
[[31merror[39m] : [31minvalid signature[39m
[[31merror[39m] : [31minvalid signature[39m
[[31merror[39m] : [31minvalid signature[39m
[[31merror[39m] : [31minvalid signature[39m
[[31merror[39m] : [31minvalid signature[39m
[[31merror[39m] : [31minvalid signature[39m
[[31merror[39m] : [31minvalid signature[39m
[[31merror[39m] : [31minvalid signature[39m
[[31merror[39m] : [31minvalid signature[39m
[[31merror[39m] : [31minvalid signature[39m
[[31merror[39m] : [31minvalid signature[39m
[[31merror[39m] : undefined
[[31merror[39m] : [31minvalid signature[39m
[[31merror[39m] : undefined
[[31merror[39m] : undefined
[[31merror[39m] : [31minvalid signature[39m
[[31merror[39m] : undefined
[[31merror[39m] : undefined
[[31merror[39m] : [31minvalid signature[39m
[[31merror[39m] : [31minvalid signature[39m
[[31merror[39m] : [31minvalid signature[39m
[[31merror[39m] : [31minvalid signature[39m
[[31merror[39m] : [31minvalid signature[39m
[[31merror[39m] : [31mjwt malformed[39m
[[31merror[39m] : [31mjwt malformed[39m
[[31merror[39m] : [31mjwt malformed[39m
[[31merror[39m] : [31mjwt malformed[39m
[[31merror[39m] : [31minvalid signature[39m
[[31merror[39m] : [31minvalid signature[39m
[[31merror[39m] : [31minvalid signature[39m
[[31merror[39m] : [31minvalid signature[39m
[[31merror[39m] : [31minvalid signature[39m
[[31merror[39m] : [31minvalid signature[39m
[[31merror[39m] : [31minvalid signature[39m
[[31merror[39m] : [31minvalid signature[39m
[[31merror[39m] : [31minvalid signature[39m
[[31merror[39m] : [31m{ content: 'Hello' }[39m
[[31merror[39m] : [31m{ content: 'Hello' }[39m
[[31merror[39m] : [31m{ conversation_id: 2, content: 'Hello' }[39m
[[31merror[39m] : [31m{ content: 'Hello' }[39m
[[31merror[39m] : [31m{ conversation_id: 2, content: 'Hello' }[39m
[[31merror[39m] : [31m{ conversation_id: 3, content: 'Where are you ?' }[39m
[[31merror[39m] : [31m{ conversation_id: 3, content: 'Hello' }[39m
[[31merror[39m] : [31m{ content: 'Hello' }[39m
[[31merror[39m] : [31m{ conversation_id: null, content: 'Hello' }[39m
[[31merror[39m] : [31m{ conversation_id: 3, content: 'Hello' }[39m
[[31merror[39m] : [31m{ conversation_id: 4, content: 'How are you ?' }[39m
[[31merror[39m] : [31m{ conversation_id: 3, content: 'Hello' }[39m
[[31merror[39m] : [31m{ conversation_id: 4, content: 'zizi' }[39m
[[31merror[39m] : [31m{ conversation_id: 5, content: 'gg' }[39m
[[31merror[39m] : [31m{ conversation_id: 5, content: 'bhhhhjj' }[39m
[[31merror[39m] : [31m{ conversation_id: 5, content: 'bhhhhh' }[39m
[[31merror[39m] : [31m{ conversation_id: 5, content: 'hh' }[39m
[[31merror[39m] : [31m{ conversation_id: 5, content: 'hh' }[39m
[[31merror[39m] : [31m{ conversation_id: 5, content: 'hh' }[39m
[[31merror[39m] : [31m{ conversation_id: 5, content: 'h' }[39m
[[31merror[39m] : [31m{ conversation_id: 5, content: 'fff' }[39m
[[31merror[39m] : [31m{ conversation_id: 1, user_id: 1, content: 'Test message' }[39m
[[31merror[39m] : [31m{ conversation_id: 2, user_id: 2, content: 'Test message' }[39m
[[31merror[39m] : [31m{ conversation_id: 22, user_id: 30, content: 'Test message' }[39m
[[31merror[39m] : [31m{}[39m
[[31merror[39m] : [31m{[39m
[31m  conversation_id: 'nonexistent-conversation-id',[39m
[31m  user_id: 'nonexistent-user-id',[39m
[31m  content: 'Test message'[39m
[31m}[39m
[[31merror[39m] : [31m{ conversation_id: 25, user_id: 33, content: 'Test message' }[39m
[[31merror[39m] : [31minvalid signature[39m
[[31merror[39m] : [31m{ conversation_id: 29, user_id: 69, content: 'Test message' }[39m
[[31merror[39m] : [31m{ conversation_id: 30, user_id: 70, content: 'TEST_MESSAGE' }[39m
[[31merror[39m] : [31m{ conversation_id: 31, user_id: 71, content: 'TEST_MESSAGE' }[39m
[[31merror[39m] : [31m{ conversation_id: 32, user_id: 72, content: 'Test message' }[39m
[[31merror[39m] : [31m{ conversation_id: 33, user_id: 73, content: 'Test message' }[39m
[[31merror[39m] : [31minvalid signature[39m
[[31merror[39m] : undefined
[[31merror[39m] : undefined
